#
# There is insufficient memory for the Java Runtime Environment to continue.
# Native memory allocation (mmap) failed to map 266338304 bytes for Failed to commit area from 0x0000000703600000 to 0x0000000713400000 of length 266338304.
# Possible reasons:
#   The system is out of physical RAM or swap space
#   The process is running with CompressedOops enabled, and the Java Heap may be blocking the growth of the native heap
# Possible solutions:
#   Reduce memory load on the system
#   Increase physical memory or swap space
#   Check if swap backing store is full
#   Decrease Java heap size (-Xmx/-Xms)
#   Decrease number of Java threads
#   Decrease Java thread stack sizes (-Xss)
#   Set larger code cache with -XX:ReservedCodeCacheSize=
# This output file may be truncated or incomplete.
#
#  Out of Memory Error (./src/hotspot/os/windows/os_windows.cpp:3301), pid=17612, tid=13988
#
# JRE version:  (11.0.11+9) (build )
# Java VM: Dynamic Code Evolution 64-Bit Server VM (11.0.11+9-b1341.57, mixed mode, sharing, tiered, compressed oops, g1 gc, windows-amd64)
# No core dump will be written. Minidumps are not enabled by default on client versions of Windows
#

---------------  S U M M A R Y ------------

Command Line: org.jetbrains.git4idea.http.GitAskPassApp Username for 'http://172.16.10.118:17990': 

Host: Intel(R) Core(TM) i5-10400 CPU @ 2.90GHz, 12 cores, 15G,  Windows 10 , 64 bit Build 19041 (10.0.19041.207)
Time: Mon Aug  1 18:16:07 2022 中国标准时间 elapsed time: 0.032750 seconds (0d 0h 0m 0s)

---------------  T H R E A D  ---------------

Current thread (0x00000235d3acb800):  JavaThread "Unknown thread" [_thread_in_vm, id=13988, stack(0x0000004fda000000,0x0000004fda100000)]

Stack: [0x0000004fda000000,0x0000004fda100000]
Native frames: (J=compiled Java code, j=interpreted, Vv=VM code, C=native code)
V  [jvm.dll+0x5fdd0a]
V  [jvm.dll+0x7822a5]
V  [jvm.dll+0x7838bd]
V  [jvm.dll+0x783f73]
V  [jvm.dll+0x245ed8]
V  [jvm.dll+0x5fb104]
V  [jvm.dll+0x5f0065]
V  [jvm.dll+0x302ecb]
V  [jvm.dll+0x302e3a]
V  [jvm.dll+0x302d12]
V  [jvm.dll+0x307c06]
V  [jvm.dll+0x350aa3]
V  [jvm.dll+0x3511a6]
V  [jvm.dll+0x350ba3]
V  [jvm.dll+0x2dca78]
V  [jvm.dll+0x2ddc27]
V  [jvm.dll+0x760907]
V  [jvm.dll+0x76219c]
V  [jvm.dll+0x35e039]
V  [jvm.dll+0x743e8e]
V  [jvm.dll+0x3c69b3]
V  [jvm.dll+0x3c8db1]
C  [jli.dll+0x5373]
C  [ucrtbase.dll+0x21542]
C  [KERNEL32.DLL+0x16fd4]
C  [ntdll.dll+0x4cec1]


---------------  P R O C E S S  ---------------

Threads class SMR info:
_java_thread_list=0x00000235d1902450, length=0, elements={
}

Java Threads: ( => current thread )

Other Threads:
  0x00000235d3ae4800 GCTaskThread "GC Thread#0" [stack: 0x0000004fda100000,0x0000004fda200000] [id=23396]
  0x00000235d3b43000 ConcurrentGCThread "G1 Main Marker" [stack: 0x0000004fda200000,0x0000004fda300000] [id=10412]
  0x00000235d3b46000 ConcurrentGCThread "G1 Conc#0" [stack: 0x0000004fda300000,0x0000004fda400000] [id=23260]

[error occurred during error reporting (printing all threads), id 0xc0000005, EXCEPTION_ACCESS_VIOLATION (0xc0000005) at pc=0x00007ffc07dfd047]

VM state:not at safepoint (not fully initialized)

VM Mutex/Monitor currently owned by a thread:  ([mutex/lock_event])
[0x00000235d3ac7d70] Heap_lock - owner thread: 0x00000235d3acb800

Heap address: 0x0000000703600000, size: 4042 MB, Compressed Oops mode: Non-zero based: 0x0000000703600000
Narrow klass base: 0x0000000000000000, Narrow klass shift: 0

GC Heap History (0 events):
No events

Deoptimization events (0 events):
No events

Classes redefined (0 events):
No events

Internal exceptions (0 events):
No events

Events (1 events):
Event: 0.006 Loaded shared library D:\WebStorm\WebStorm 2021.1.2\jbr\bin\zip.dll


Dynamic libraries:
0x00007ff792620000 - 0x00007ff79262a000 	D:\WebStorm\WebStorm 2021.1.2\jbr\bin\java.exe
0x00007ffc607b0000 - 0x00007ffc609a4000 	C:\Windows\SYSTEM32\ntdll.dll
0x00007ffc5fb70000 - 0x00007ffc5fc2d000 	C:\Windows\System32\KERNEL32.DLL
0x00007ffc5e090000 - 0x00007ffc5e357000 	C:\Windows\System32\KERNELBASE.dll
0x00007ffc5f180000 - 0x00007ffc5f22a000 	C:\Windows\System32\ADVAPI32.DLL
0x00007ffc605b0000 - 0x00007ffc6064e000 	C:\Windows\System32\msvcrt.dll
0x00007ffc5f010000 - 0x00007ffc5f0ab000 	C:\Windows\System32\sechost.dll
0x00007ffc5e890000 - 0x00007ffc5e9b3000 	C:\Windows\System32\RPCRT4.dll
0x00007ffc5df90000 - 0x00007ffc5e090000 	C:\Windows\System32\ucrtbase.dll
0x00007ffc376e0000 - 0x00007ffc376f9000 	D:\WebStorm\WebStorm 2021.1.2\jbr\bin\jli.dll
0x00007ffc600c0000 - 0x00007ffc60260000 	C:\Windows\System32\USER32.dll
0x00007ffc5df00000 - 0x00007ffc5df22000 	C:\Windows\System32\win32u.dll
0x00007ffc60320000 - 0x00007ffc6034a000 	C:\Windows\System32\GDI32.dll
0x00007ffc5e450000 - 0x00007ffc5e559000 	C:\Windows\System32\gdi32full.dll
0x00007ffc5e3b0000 - 0x00007ffc5e44d000 	C:\Windows\System32\msvcp_win.dll
0x00007ffc36dc0000 - 0x00007ffc36dd7000 	D:\WebStorm\WebStorm 2021.1.2\jbr\bin\VCRUNTIME140.dll
0x00007ffc5d2d0000 - 0x00007ffc5d56a000 	C:\Windows\WinSxS\amd64_microsoft.windows.common-controls_6595b64144ccf1df_6.0.19041.1_none_b555e41d4684ddec\COMCTL32.dll
0x00007ffc60090000 - 0x00007ffc600c0000 	C:\Windows\System32\IMM32.DLL
0x00007ffbf9290000 - 0x00007ffbf932d000 	D:\WebStorm\WebStorm 2021.1.2\jbr\bin\msvcp140.dll
0x00007ffc07b10000 - 0x00007ffc08663000 	D:\WebStorm\WebStorm 2021.1.2\jbr\bin\server\jvm.dll
0x00007ffc5fc30000 - 0x00007ffc5fc38000 	C:\Windows\System32\PSAPI.DLL
0x00007ffc4a8b0000 - 0x00007ffc4a8b9000 	C:\Windows\SYSTEM32\WSOCK32.dll
0x00007ffc5fae0000 - 0x00007ffc5fb4b000 	C:\Windows\System32\WS2_32.dll
0x00007ffc434d0000 - 0x00007ffc434f7000 	C:\Windows\SYSTEM32\WINMM.dll
0x00007ffc57bc0000 - 0x00007ffc57bca000 	C:\Windows\SYSTEM32\VERSION.dll
0x00007ffc5b0e0000 - 0x00007ffc5b0f3000 	C:\Windows\SYSTEM32\kernel.appcore.dll
0x00007ffc4ade0000 - 0x00007ffc4adf1000 	D:\WebStorm\WebStorm 2021.1.2\jbr\bin\verify.dll
0x00007ffc5d900000 - 0x00007ffc5dae4000 	C:\Windows\SYSTEM32\DBGHELP.DLL
0x00007ffc5d670000 - 0x00007ffc5d69c000 	C:\Windows\SYSTEM32\dbgcore.DLL
0x00007ffc5e6c0000 - 0x00007ffc5e73f000 	C:\Windows\System32\bcryptPrimitives.dll
0x00007ffc403a0000 - 0x00007ffc403c9000 	D:\WebStorm\WebStorm 2021.1.2\jbr\bin\java.dll
0x00007ffc46250000 - 0x00007ffc4625b000 	D:\WebStorm\WebStorm 2021.1.2\jbr\bin\jimage.dll
0x00007ffc40380000 - 0x00007ffc40398000 	D:\WebStorm\WebStorm 2021.1.2\jbr\bin\zip.dll

dbghelp: loaded successfully - version: 4.0.5 - missing functions: none
symbol engine: initialized successfully - sym options: 0x614 - pdb path: .;D:\WebStorm\WebStorm 2021.1.2\jbr\bin;C:\Windows\SYSTEM32;C:\Windows\WinSxS\amd64_microsoft.windows.common-controls_6595b64144ccf1df_6.0.19041.1_none_b555e41d4684ddec;D:\WebStorm\WebStorm 2021.1.2\jbr\bin\server

VM Arguments:
java_command: org.jetbrains.git4idea.http.GitAskPassApp Username for 'http://172.16.10.118:17990': 
java_class_path (initial): D:/WebStorm/WebStorm 2021.1.2/plugins/git4idea/lib/git4idea-rt.jar;D:/WebStorm/WebStorm 2021.1.2/lib/xmlrpc-2.0.1.jar;D:/WebStorm/WebStorm 2021.1.2/lib/commons-codec-1.15.jar
Launcher Type: SUN_STANDARD

[Global flags]
     intx CICompilerCount                          = 4                                         {product} {ergonomic}
     uint ConcGCThreads                            = 3                                         {product} {ergonomic}
     uint G1ConcRefinementThreads                  = 10                                        {product} {ergonomic}
   size_t G1HeapRegionSize                         = 1048576                                   {product} {ergonomic}
    uintx GCDrainStackTargetSize                   = 64                                        {product} {ergonomic}
   size_t InitialHeapSize                          = 266338304                                 {product} {ergonomic}
   size_t MarkStackSize                            = 4194304                                   {product} {ergonomic}
   size_t MaxHeapSize                              = 4238344192                                {product} {ergonomic}
   size_t MinHeapDeltaBytes                        = 1048576                                   {product} {ergonomic}
    uintx NonNMethodCodeHeapSize                   = 5836300                                {pd product} {ergonomic}
    uintx NonProfiledCodeHeapSize                  = 122910970                              {pd product} {ergonomic}
    uintx ProfiledCodeHeapSize                     = 122910970                              {pd product} {ergonomic}
    uintx ReservedCodeCacheSize                    = 251658240                              {pd product} {ergonomic}
     bool SegmentedCodeCache                       = true                                      {product} {ergonomic}
     bool UseCompressedClassPointers               = true                                 {lp64_product} {ergonomic}
     bool UseCompressedOops                        = true                                 {lp64_product} {ergonomic}
     bool UseG1GC                                  = true                                      {product} {ergonomic}
     bool UseLargePagesIndividualAllocation        = false                                  {pd product} {ergonomic}

Logging:
Log output configuration:
 #0: stdout all=warning uptime,level,tags
 #1: stderr all=off uptime,level,tags

Environment Variables:
PATH=D:\Git\mingw64\libexec\git-core;D:\Git\mingw64\libexec\git-core;D:\Git\mingw64\bin;D:\Git\usr\bin;C:\Users\Administrator\bin;C:\Program Files (x86)\Common Files\Oracle\Java\javapath;C:\Windows\system32;C:\Windows;C:\Windows\System32\Wbem;C:\Windows\System32\WindowsPowerShell\v1.0;C:\Windows\System32\OpenSSH;D:\maven\apache-maven-3.8.6\bin;D:\Git\cmd;D:\nodejs;C:\Program Files\dotnet;C:\Program Files\MySQL\MySQL Server 5.7\bin;C:\Program Files\MySQL\MySQL Shell 8.0\bin;C:\Users\Administrator\AppData\Local\Programs\Python\Python310\Scripts;C:\Users\Administrator\AppData\Local\Programs\Python\Python310;C:\Users\Administrator\AppData\Local\Microsoft\WindowsApps;D:\IntelliJ IDEA 2021.1.2\bin;C:\Users\Administrator\AppData\Roaming\npm;D:\WebStorm\WebStorm 2021.1.2\bin
USERNAME=Administrator
DISPLAY=:0.0
LC_ALL=en_US.UTF-8
OS=Windows_NT
PROCESSOR_IDENTIFIER=Intel64 Family 6 Model 165 Stepping 3, GenuineIntel



---------------  S Y S T E M  ---------------

OS: Windows 10 , 64 bit Build 19041 (10.0.19041.207)
OS uptime: 13 days 8:49 hours

CPU:total 12 (initial active 12) (6 cores per cpu, 2 threads per core) family 6 model 165 stepping 3 microcode 0xea, cmov, cx8, fxsr, mmx, sse, sse2, sse3, ssse3, sse4.1, sse4.2, popcnt, avx, avx2, aes, clmul, erms, 3dnowpref, lzcnt, ht, tsc, tscinvbit, bmi1, bmi2, adx, fma

Memory: 4k page, system-wide physical 16164M (1622M free)
TotalPageFile size 30433M (AvailPageFile size 231M)
current process WorkingSet (physical memory assigned to process): 10M, peak: 10M
current process commit charge ("private bytes"): 64M, peak: 318M

vm_info: Dynamic Code Evolution 64-Bit Server VM (11.0.11+9-b1341.57) for windows-amd64 JRE (11.0.11+9-b1341.57), built on May 17 2021 14:09:08 by "" with MS VC++ 14.0 (VS2015)

END.
